18.06.18 20:45:09 INFO  [webservice.WebApplication     ] 48    - <Starting WebApplication on Rey-PC with PID 26132 (C:\Users\Rey\Documents\QALD-Mini-Project\target\classes started by Rey in C:\Users\Rey\Documents\QALD-Mini-Project)>
18.06.18 20:45:09 INFO  [webservice.WebApplication     ] 593   - <No active profile set, falling back to default profiles: default>
18.06.18 20:45:09 INFO  [gEmbeddedWebApplicationContext] 583   - <Refreshing org.springframework.boot.context.embedded.AnnotationConfigEmbeddedWebApplicationContext@4f25b795: startup date [Mon Jun 18 20:45:09 CEST 2018]; root of context hierarchy>
18.06.18 20:45:11 INFO  [alidator.internal.util.Version] 30    - <HV000001: Hibernate Validator 5.3.6.Final>
18.06.18 20:45:13 INFO  [TomcatEmbeddedServletContainer] 89    - <Tomcat initialized with port(s): 8080 (http)>
18.06.18 20:45:13 INFO  [work.web.context.ContextLoader] 276   - <Root WebApplicationContext: initialization completed in 4295 ms>
18.06.18 20:45:13 INFO  [ervlet.ServletRegistrationBean] 190   - <Mapping servlet: 'dispatcherServlet' to [/]>
18.06.18 20:45:13 INFO  [servlet.FilterRegistrationBean] 258   - <Mapping filter: 'characterEncodingFilter' to: [/*]>
18.06.18 20:45:13 INFO  [servlet.FilterRegistrationBean] 258   - <Mapping filter: 'hiddenHttpMethodFilter' to: [/*]>
18.06.18 20:45:13 INFO  [servlet.FilterRegistrationBean] 258   - <Mapping filter: 'httpPutFormContentFilter' to: [/*]>
18.06.18 20:45:13 INFO  [servlet.FilterRegistrationBean] 258   - <Mapping filter: 'requestContextFilter' to: [/*]>
18.06.18 20:45:14 INFO  [n.RequestMappingHandlerAdapter] 534   - <Looking for @ControllerAdvice: org.springframework.boot.context.embedded.AnnotationConfigEmbeddedWebApplicationContext@4f25b795: startup date [Mon Jun 18 20:45:09 CEST 2018]; root of context hierarchy>
18.06.18 20:45:14 INFO  [n.RequestMappingHandlerMapping] 543   - <Mapped "{[/gerbil],methods=[POST]}" onto public java.lang.String webservice.GerbilQABenchmarking.askGerbil(java.util.Map<java.lang.String, java.lang.String>,javax.servlet.http.HttpServletResponse) throws java.lang.RuntimeException,java.io.IOException>
18.06.18 20:45:14 INFO  [n.RequestMappingHandlerMapping] 543   - <Mapped "{[/error]}" onto public org.springframework.http.ResponseEntity<java.util.Map<java.lang.String, java.lang.Object>> org.springframework.boot.autoconfigure.web.BasicErrorController.error(javax.servlet.http.HttpServletRequest)>
18.06.18 20:45:14 INFO  [n.RequestMappingHandlerMapping] 543   - <Mapped "{[/error],produces=[text/html]}" onto public org.springframework.web.servlet.ModelAndView org.springframework.boot.autoconfigure.web.BasicErrorController.errorHtml(javax.servlet.http.HttpServletRequest,javax.servlet.http.HttpServletResponse)>
18.06.18 20:45:14 INFO  [andler.SimpleUrlHandlerMapping] 362   - <Mapped URL path [/webjars/**] onto handler of type [class org.springframework.web.servlet.resource.ResourceHttpRequestHandler]>
18.06.18 20:45:14 INFO  [andler.SimpleUrlHandlerMapping] 362   - <Mapped URL path [/**] onto handler of type [class org.springframework.web.servlet.resource.ResourceHttpRequestHandler]>
18.06.18 20:45:14 INFO  [andler.SimpleUrlHandlerMapping] 362   - <Mapped URL path [/**/favicon.ico] onto handler of type [class org.springframework.web.servlet.resource.ResourceHttpRequestHandler]>
18.06.18 20:45:15 INFO  [tation.AnnotationMBeanExporter] 431   - <Registering beans for JMX exposure on startup>
18.06.18 20:45:15 INFO  [TomcatEmbeddedServletContainer] 201   - <Tomcat started on port(s): 8080 (http)>
18.06.18 20:45:15 INFO  [webservice.WebApplication     ] 57    - <Started WebApplication in 7.313 seconds (JVM running for 9.187)>
18.06.18 20:55:20 INFO  [.web.servlet.DispatcherServlet] 489   - <FrameworkServlet 'dispatcherServlet': initialization started>
18.06.18 20:55:20 INFO  [.web.servlet.DispatcherServlet] 508   - <FrameworkServlet 'dispatcherServlet': initialization completed in 38 ms>
18.06.18 20:55:20 INFO  [d.nlp.pipeline.StanfordCoreNLP] 88    - <Adding annotator tokenize>
18.06.18 20:55:20 INFO  [lp.pipeline.TokenizerAnnotator] 88    - <No tokenizer type provided. Defaulting to PTBTokenizer.>
18.06.18 20:55:20 INFO  [d.nlp.pipeline.StanfordCoreNLP] 88    - <Adding annotator ssplit>
18.06.18 20:55:20 INFO  [d.nlp.pipeline.StanfordCoreNLP] 88    - <Adding annotator pos>
18.06.18 20:55:22 INFO  [nlp.tagger.maxent.MaxentTagger] 88    - <Loading POS tagger from edu/stanford/nlp/models/pos-tagger/english-left3words/english-left3words-distsim.tagger ... done [1.3 sec].>
18.06.18 20:55:22 INFO  [d.nlp.pipeline.StanfordCoreNLP] 88    - <Adding annotator depparse>
18.06.18 20:55:22 INFO  [.parser.nndep.DependencyParser] 88    - <Loading depparse model: edu/stanford/nlp/models/parser/nndep/english_UD.gz ... >
18.06.18 20:55:40 INFO  [rd.nlp.parser.nndep.Classifier] 88    - <PreComputed 99996, Elapsed Time: 16.674 (s)>
18.06.18 20:55:40 INFO  [.parser.nndep.DependencyParser] 88    - <Initializing dependency parser ... done [18.3 sec].>
18.06.18 20:55:40 INFO  [d.nlp.pipeline.StanfordCoreNLP] 88    - <Adding annotator lemma>
18.06.18 20:55:44 ERROR [lhost].[/].[dispatcherServlet]] 181   - <Servlet.service() for servlet [dispatcherServlet] in context with path [] threw exception [Request processing failed; nested exception is java.lang.NullPointerException] with root cause>
java.lang.NullPointerException: null
	at jsonbuilder.AbstractQASystem.getAnswersAsQALD(AbstractQASystem.java:47)
	at jsonbuilder.AbstractQASystem.getAnswersToQuestion(AbstractQASystem.java:153)
	at webservice.GerbilQABenchmarking.askGerbil(GerbilQABenchmarking.java:42)
	at java.base/jdk.internal.reflect.NativeMethodAccessorImpl.invoke0(Native Method)
	at java.base/jdk.internal.reflect.NativeMethodAccessorImpl.invoke(NativeMethodAccessorImpl.java:62)
	at java.base/jdk.internal.reflect.DelegatingMethodAccessorImpl.invoke(DelegatingMethodAccessorImpl.java:43)
	at java.base/java.lang.reflect.Method.invoke(Method.java:564)
	at org.springframework.web.method.support.InvocableHandlerMethod.doInvoke(InvocableHandlerMethod.java:205)
	at org.springframework.web.method.support.InvocableHandlerMethod.invokeForRequest(InvocableHandlerMethod.java:133)
	at org.springframework.web.servlet.mvc.method.annotation.ServletInvocableHandlerMethod.invokeAndHandle(ServletInvocableHandlerMethod.java:97)
	at org.springframework.web.servlet.mvc.method.annotation.RequestMappingHandlerAdapter.invokeHandlerMethod(RequestMappingHandlerAdapter.java:827)
	at org.springframework.web.servlet.mvc.method.annotation.RequestMappingHandlerAdapter.handleInternal(RequestMappingHandlerAdapter.java:738)
	at org.springframework.web.servlet.mvc.method.AbstractHandlerMethodAdapter.handle(AbstractHandlerMethodAdapter.java:85)
	at org.springframework.web.servlet.DispatcherServlet.doDispatch(DispatcherServlet.java:967)
	at org.springframework.web.servlet.DispatcherServlet.doService(DispatcherServlet.java:901)
	at org.springframework.web.servlet.FrameworkServlet.processRequest(FrameworkServlet.java:970)
	at org.springframework.web.servlet.FrameworkServlet.doPost(FrameworkServlet.java:872)
	at javax.servlet.http.HttpServlet.service(HttpServlet.java:707)
	at org.springframework.web.servlet.FrameworkServlet.service(FrameworkServlet.java:846)
	at javax.servlet.http.HttpServlet.service(HttpServlet.java:790)
	at org.apache.catalina.core.ApplicationFilterChain.internalDoFilter(ApplicationFilterChain.java:231)
	at org.apache.catalina.core.ApplicationFilterChain.doFilter(ApplicationFilterChain.java:166)
	at org.apache.tomcat.websocket.server.WsFilter.doFilter(WsFilter.java:52)
	at org.apache.catalina.core.ApplicationFilterChain.internalDoFilter(ApplicationFilterChain.java:193)
	at org.apache.catalina.core.ApplicationFilterChain.doFilter(ApplicationFilterChain.java:166)
	at org.springframework.web.filter.RequestContextFilter.doFilterInternal(RequestContextFilter.java:99)
	at org.springframework.web.filter.OncePerRequestFilter.doFilter(OncePerRequestFilter.java:107)
	at org.apache.catalina.core.ApplicationFilterChain.internalDoFilter(ApplicationFilterChain.java:193)
	at org.apache.catalina.core.ApplicationFilterChain.doFilter(ApplicationFilterChain.java:166)
	at org.springframework.web.filter.HttpPutFormContentFilter.doFilterInternal(HttpPutFormContentFilter.java:108)
	at org.springframework.web.filter.OncePerRequestFilter.doFilter(OncePerRequestFilter.java:107)
	at org.apache.catalina.core.ApplicationFilterChain.internalDoFilter(ApplicationFilterChain.java:193)
	at org.apache.catalina.core.ApplicationFilterChain.doFilter(ApplicationFilterChain.java:166)
	at org.springframework.web.filter.HiddenHttpMethodFilter.doFilterInternal(HiddenHttpMethodFilter.java:81)
	at org.springframework.web.filter.OncePerRequestFilter.doFilter(OncePerRequestFilter.java:107)
	at org.apache.catalina.core.ApplicationFilterChain.internalDoFilter(ApplicationFilterChain.java:193)
	at org.apache.catalina.core.ApplicationFilterChain.doFilter(ApplicationFilterChain.java:166)
	at org.springframework.web.filter.CharacterEncodingFilter.doFilterInternal(CharacterEncodingFilter.java:197)
	at org.springframework.web.filter.OncePerRequestFilter.doFilter(OncePerRequestFilter.java:107)
	at org.apache.catalina.core.ApplicationFilterChain.internalDoFilter(ApplicationFilterChain.java:193)
	at org.apache.catalina.core.ApplicationFilterChain.doFilter(ApplicationFilterChain.java:166)
	at org.apache.catalina.core.StandardWrapperValve.invoke(StandardWrapperValve.java:199)
	at org.apache.catalina.core.StandardContextValve.invoke(StandardContextValve.java:96)
	at org.apache.catalina.authenticator.AuthenticatorBase.invoke(AuthenticatorBase.java:478)
	at org.apache.catalina.core.StandardHostValve.invoke(StandardHostValve.java:140)
	at org.apache.catalina.valves.ErrorReportValve.invoke(ErrorReportValve.java:81)
	at org.apache.catalina.core.StandardEngineValve.invoke(StandardEngineValve.java:87)
	at org.apache.catalina.connector.CoyoteAdapter.service(CoyoteAdapter.java:342)
	at org.apache.coyote.http11.Http11Processor.service(Http11Processor.java:803)
	at org.apache.coyote.AbstractProcessorLight.process(AbstractProcessorLight.java:66)
	at org.apache.coyote.AbstractProtocol$ConnectionHandler.process(AbstractProtocol.java:868)
	at org.apache.tomcat.util.net.NioEndpoint$SocketProcessor.doRun(NioEndpoint.java:1459)
	at org.apache.tomcat.util.net.SocketProcessorBase.run(SocketProcessorBase.java:49)
	at java.base/java.util.concurrent.ThreadPoolExecutor.runWorker(ThreadPoolExecutor.java:1135)
	at java.base/java.util.concurrent.ThreadPoolExecutor$Worker.run(ThreadPoolExecutor.java:635)
	at org.apache.tomcat.util.threads.TaskThread$WrappingRunnable.run(TaskThread.java:61)
	at java.base/java.lang.Thread.run(Thread.java:844)
18.06.18 20:57:19 ERROR [lhost].[/].[dispatcherServlet]] 181   - <Servlet.service() for servlet [dispatcherServlet] in context with path [] threw exception [Request processing failed; nested exception is java.lang.NullPointerException] with root cause>
java.lang.NullPointerException: null
	at jsonbuilder.AbstractQASystem.getAnswersAsQALD(AbstractQASystem.java:47)
	at jsonbuilder.AbstractQASystem.getAnswersToQuestion(AbstractQASystem.java:153)
	at webservice.GerbilQABenchmarking.askGerbil(GerbilQABenchmarking.java:42)
	at java.base/jdk.internal.reflect.NativeMethodAccessorImpl.invoke0(Native Method)
	at java.base/jdk.internal.reflect.NativeMethodAccessorImpl.invoke(NativeMethodAccessorImpl.java:62)
	at java.base/jdk.internal.reflect.DelegatingMethodAccessorImpl.invoke(DelegatingMethodAccessorImpl.java:43)
	at java.base/java.lang.reflect.Method.invoke(Method.java:564)
	at org.springframework.web.method.support.InvocableHandlerMethod.doInvoke(InvocableHandlerMethod.java:205)
	at org.springframework.web.method.support.InvocableHandlerMethod.invokeForRequest(InvocableHandlerMethod.java:133)
	at org.springframework.web.servlet.mvc.method.annotation.ServletInvocableHandlerMethod.invokeAndHandle(ServletInvocableHandlerMethod.java:97)
	at org.springframework.web.servlet.mvc.method.annotation.RequestMappingHandlerAdapter.invokeHandlerMethod(RequestMappingHandlerAdapter.java:827)
	at org.springframework.web.servlet.mvc.method.annotation.RequestMappingHandlerAdapter.handleInternal(RequestMappingHandlerAdapter.java:738)
	at org.springframework.web.servlet.mvc.method.AbstractHandlerMethodAdapter.handle(AbstractHandlerMethodAdapter.java:85)
	at org.springframework.web.servlet.DispatcherServlet.doDispatch(DispatcherServlet.java:967)
	at org.springframework.web.servlet.DispatcherServlet.doService(DispatcherServlet.java:901)
	at org.springframework.web.servlet.FrameworkServlet.processRequest(FrameworkServlet.java:970)
	at org.springframework.web.servlet.FrameworkServlet.doPost(FrameworkServlet.java:872)
	at javax.servlet.http.HttpServlet.service(HttpServlet.java:707)
	at org.springframework.web.servlet.FrameworkServlet.service(FrameworkServlet.java:846)
	at javax.servlet.http.HttpServlet.service(HttpServlet.java:790)
	at org.apache.catalina.core.ApplicationFilterChain.internalDoFilter(ApplicationFilterChain.java:231)
	at org.apache.catalina.core.ApplicationFilterChain.doFilter(ApplicationFilterChain.java:166)
	at org.apache.tomcat.websocket.server.WsFilter.doFilter(WsFilter.java:52)
	at org.apache.catalina.core.ApplicationFilterChain.internalDoFilter(ApplicationFilterChain.java:193)
	at org.apache.catalina.core.ApplicationFilterChain.doFilter(ApplicationFilterChain.java:166)
	at org.springframework.web.filter.RequestContextFilter.doFilterInternal(RequestContextFilter.java:99)
	at org.springframework.web.filter.OncePerRequestFilter.doFilter(OncePerRequestFilter.java:107)
	at org.apache.catalina.core.ApplicationFilterChain.internalDoFilter(ApplicationFilterChain.java:193)
	at org.apache.catalina.core.ApplicationFilterChain.doFilter(ApplicationFilterChain.java:166)
	at org.springframework.web.filter.HttpPutFormContentFilter.doFilterInternal(HttpPutFormContentFilter.java:108)
	at org.springframework.web.filter.OncePerRequestFilter.doFilter(OncePerRequestFilter.java:107)
	at org.apache.catalina.core.ApplicationFilterChain.internalDoFilter(ApplicationFilterChain.java:193)
	at org.apache.catalina.core.ApplicationFilterChain.doFilter(ApplicationFilterChain.java:166)
	at org.springframework.web.filter.HiddenHttpMethodFilter.doFilterInternal(HiddenHttpMethodFilter.java:81)
	at org.springframework.web.filter.OncePerRequestFilter.doFilter(OncePerRequestFilter.java:107)
	at org.apache.catalina.core.ApplicationFilterChain.internalDoFilter(ApplicationFilterChain.java:193)
	at org.apache.catalina.core.ApplicationFilterChain.doFilter(ApplicationFilterChain.java:166)
	at org.springframework.web.filter.CharacterEncodingFilter.doFilterInternal(CharacterEncodingFilter.java:197)
	at org.springframework.web.filter.OncePerRequestFilter.doFilter(OncePerRequestFilter.java:107)
	at org.apache.catalina.core.ApplicationFilterChain.internalDoFilter(ApplicationFilterChain.java:193)
	at org.apache.catalina.core.ApplicationFilterChain.doFilter(ApplicationFilterChain.java:166)
	at org.apache.catalina.core.StandardWrapperValve.invoke(StandardWrapperValve.java:199)
	at org.apache.catalina.core.StandardContextValve.invoke(StandardContextValve.java:96)
	at org.apache.catalina.authenticator.AuthenticatorBase.invoke(AuthenticatorBase.java:478)
	at org.apache.catalina.core.StandardHostValve.invoke(StandardHostValve.java:140)
	at org.apache.catalina.valves.ErrorReportValve.invoke(ErrorReportValve.java:81)
	at org.apache.catalina.core.StandardEngineValve.invoke(StandardEngineValve.java:87)
	at org.apache.catalina.connector.CoyoteAdapter.service(CoyoteAdapter.java:342)
	at org.apache.coyote.http11.Http11Processor.service(Http11Processor.java:803)
	at org.apache.coyote.AbstractProcessorLight.process(AbstractProcessorLight.java:66)
	at org.apache.coyote.AbstractProtocol$ConnectionHandler.process(AbstractProtocol.java:868)
	at org.apache.tomcat.util.net.NioEndpoint$SocketProcessor.doRun(NioEndpoint.java:1459)
	at org.apache.tomcat.util.net.SocketProcessorBase.run(SocketProcessorBase.java:49)
	at java.base/java.util.concurrent.ThreadPoolExecutor.runWorker(ThreadPoolExecutor.java:1135)
	at java.base/java.util.concurrent.ThreadPoolExecutor$Worker.run(ThreadPoolExecutor.java:635)
	at org.apache.tomcat.util.threads.TaskThread$WrappingRunnable.run(TaskThread.java:61)
	at java.base/java.lang.Thread.run(Thread.java:844)
18.06.18 20:58:55 INFO  [webservice.WebApplication     ] 48    - <Starting WebApplication on Rey-PC with PID 27400 (C:\Users\Rey\Documents\QALD-Mini-Project\target\classes started by Rey in C:\Users\Rey\Documents\QALD-Mini-Project)>
18.06.18 20:58:55 INFO  [webservice.WebApplication     ] 593   - <No active profile set, falling back to default profiles: default>
18.06.18 20:58:55 INFO  [gEmbeddedWebApplicationContext] 583   - <Refreshing org.springframework.boot.context.embedded.AnnotationConfigEmbeddedWebApplicationContext@4f25b795: startup date [Mon Jun 18 20:58:55 CEST 2018]; root of context hierarchy>
18.06.18 20:58:56 INFO  [alidator.internal.util.Version] 30    - <HV000001: Hibernate Validator 5.3.6.Final>
18.06.18 20:58:57 INFO  [TomcatEmbeddedServletContainer] 89    - <Tomcat initialized with port(s): 8080 (http)>
18.06.18 20:58:58 INFO  [work.web.context.ContextLoader] 276   - <Root WebApplicationContext: initialization completed in 2165 ms>
18.06.18 20:58:58 INFO  [ervlet.ServletRegistrationBean] 190   - <Mapping servlet: 'dispatcherServlet' to [/]>
18.06.18 20:58:58 INFO  [servlet.FilterRegistrationBean] 258   - <Mapping filter: 'characterEncodingFilter' to: [/*]>
18.06.18 20:58:58 INFO  [servlet.FilterRegistrationBean] 258   - <Mapping filter: 'hiddenHttpMethodFilter' to: [/*]>
18.06.18 20:58:58 INFO  [servlet.FilterRegistrationBean] 258   - <Mapping filter: 'httpPutFormContentFilter' to: [/*]>
18.06.18 20:58:58 INFO  [servlet.FilterRegistrationBean] 258   - <Mapping filter: 'requestContextFilter' to: [/*]>
18.06.18 20:58:58 INFO  [n.RequestMappingHandlerAdapter] 534   - <Looking for @ControllerAdvice: org.springframework.boot.context.embedded.AnnotationConfigEmbeddedWebApplicationContext@4f25b795: startup date [Mon Jun 18 20:58:55 CEST 2018]; root of context hierarchy>
18.06.18 20:58:58 INFO  [n.RequestMappingHandlerMapping] 543   - <Mapped "{[/gerbil],methods=[POST]}" onto public java.lang.String webservice.GerbilQABenchmarking.askGerbil(java.util.Map<java.lang.String, java.lang.String>,javax.servlet.http.HttpServletResponse) throws java.lang.RuntimeException,java.io.IOException>
18.06.18 20:58:58 INFO  [n.RequestMappingHandlerMapping] 543   - <Mapped "{[/error]}" onto public org.springframework.http.ResponseEntity<java.util.Map<java.lang.String, java.lang.Object>> org.springframework.boot.autoconfigure.web.BasicErrorController.error(javax.servlet.http.HttpServletRequest)>
18.06.18 20:58:58 INFO  [n.RequestMappingHandlerMapping] 543   - <Mapped "{[/error],produces=[text/html]}" onto public org.springframework.web.servlet.ModelAndView org.springframework.boot.autoconfigure.web.BasicErrorController.errorHtml(javax.servlet.http.HttpServletRequest,javax.servlet.http.HttpServletResponse)>
18.06.18 20:58:58 INFO  [andler.SimpleUrlHandlerMapping] 362   - <Mapped URL path [/webjars/**] onto handler of type [class org.springframework.web.servlet.resource.ResourceHttpRequestHandler]>
18.06.18 20:58:58 INFO  [andler.SimpleUrlHandlerMapping] 362   - <Mapped URL path [/**] onto handler of type [class org.springframework.web.servlet.resource.ResourceHttpRequestHandler]>
18.06.18 20:58:58 INFO  [andler.SimpleUrlHandlerMapping] 362   - <Mapped URL path [/**/favicon.ico] onto handler of type [class org.springframework.web.servlet.resource.ResourceHttpRequestHandler]>
18.06.18 20:58:59 INFO  [tation.AnnotationMBeanExporter] 431   - <Registering beans for JMX exposure on startup>
18.06.18 20:58:59 INFO  [TomcatEmbeddedServletContainer] 201   - <Tomcat started on port(s): 8080 (http)>
18.06.18 20:58:59 INFO  [webservice.WebApplication     ] 57    - <Started WebApplication in 3.781 seconds (JVM running for 4.684)>
18.06.18 20:59:40 INFO  [.web.servlet.DispatcherServlet] 489   - <FrameworkServlet 'dispatcherServlet': initialization started>
18.06.18 20:59:40 INFO  [.web.servlet.DispatcherServlet] 508   - <FrameworkServlet 'dispatcherServlet': initialization completed in 32 ms>
18.06.18 20:59:40 INFO  [d.nlp.pipeline.StanfordCoreNLP] 88    - <Adding annotator tokenize>
18.06.18 20:59:40 INFO  [lp.pipeline.TokenizerAnnotator] 88    - <No tokenizer type provided. Defaulting to PTBTokenizer.>
18.06.18 20:59:40 INFO  [d.nlp.pipeline.StanfordCoreNLP] 88    - <Adding annotator ssplit>
18.06.18 20:59:40 INFO  [d.nlp.pipeline.StanfordCoreNLP] 88    - <Adding annotator pos>
18.06.18 20:59:42 INFO  [nlp.tagger.maxent.MaxentTagger] 88    - <Loading POS tagger from edu/stanford/nlp/models/pos-tagger/english-left3words/english-left3words-distsim.tagger ... done [1.4 sec].>
18.06.18 20:59:42 INFO  [d.nlp.pipeline.StanfordCoreNLP] 88    - <Adding annotator depparse>
18.06.18 20:59:42 INFO  [.parser.nndep.DependencyParser] 88    - <Loading depparse model: edu/stanford/nlp/models/parser/nndep/english_UD.gz ... >
18.06.18 21:00:00 INFO  [rd.nlp.parser.nndep.Classifier] 88    - <PreComputed 99996, Elapsed Time: 17.163 (s)>
18.06.18 21:00:00 INFO  [.parser.nndep.DependencyParser] 88    - <Initializing dependency parser ... done [18.7 sec].>
18.06.18 21:00:00 INFO  [d.nlp.pipeline.StanfordCoreNLP] 88    - <Adding annotator lemma>
18.06.18 21:00:02 ERROR [lhost].[/].[dispatcherServlet]] 181   - <Servlet.service() for servlet [dispatcherServlet] in context with path [] threw exception [Request processing failed; nested exception is java.lang.NullPointerException] with root cause>
java.lang.NullPointerException: null
	at jsonbuilder.AbstractQASystem.getAnswersAsQALD(AbstractQASystem.java:49)
	at jsonbuilder.AbstractQASystem.getAnswersToQuestion(AbstractQASystem.java:155)
	at webservice.GerbilQABenchmarking.askGerbil(GerbilQABenchmarking.java:42)
	at java.base/jdk.internal.reflect.NativeMethodAccessorImpl.invoke0(Native Method)
	at java.base/jdk.internal.reflect.NativeMethodAccessorImpl.invoke(NativeMethodAccessorImpl.java:62)
	at java.base/jdk.internal.reflect.DelegatingMethodAccessorImpl.invoke(DelegatingMethodAccessorImpl.java:43)
	at java.base/java.lang.reflect.Method.invoke(Method.java:564)
	at org.springframework.web.method.support.InvocableHandlerMethod.doInvoke(InvocableHandlerMethod.java:205)
	at org.springframework.web.method.support.InvocableHandlerMethod.invokeForRequest(InvocableHandlerMethod.java:133)
	at org.springframework.web.servlet.mvc.method.annotation.ServletInvocableHandlerMethod.invokeAndHandle(ServletInvocableHandlerMethod.java:97)
	at org.springframework.web.servlet.mvc.method.annotation.RequestMappingHandlerAdapter.invokeHandlerMethod(RequestMappingHandlerAdapter.java:827)
	at org.springframework.web.servlet.mvc.method.annotation.RequestMappingHandlerAdapter.handleInternal(RequestMappingHandlerAdapter.java:738)
	at org.springframework.web.servlet.mvc.method.AbstractHandlerMethodAdapter.handle(AbstractHandlerMethodAdapter.java:85)
	at org.springframework.web.servlet.DispatcherServlet.doDispatch(DispatcherServlet.java:967)
	at org.springframework.web.servlet.DispatcherServlet.doService(DispatcherServlet.java:901)
	at org.springframework.web.servlet.FrameworkServlet.processRequest(FrameworkServlet.java:970)
	at org.springframework.web.servlet.FrameworkServlet.doPost(FrameworkServlet.java:872)
	at javax.servlet.http.HttpServlet.service(HttpServlet.java:707)
	at org.springframework.web.servlet.FrameworkServlet.service(FrameworkServlet.java:846)
	at javax.servlet.http.HttpServlet.service(HttpServlet.java:790)
	at org.apache.catalina.core.ApplicationFilterChain.internalDoFilter(ApplicationFilterChain.java:231)
	at org.apache.catalina.core.ApplicationFilterChain.doFilter(ApplicationFilterChain.java:166)
	at org.apache.tomcat.websocket.server.WsFilter.doFilter(WsFilter.java:52)
	at org.apache.catalina.core.ApplicationFilterChain.internalDoFilter(ApplicationFilterChain.java:193)
	at org.apache.catalina.core.ApplicationFilterChain.doFilter(ApplicationFilterChain.java:166)
	at org.springframework.web.filter.RequestContextFilter.doFilterInternal(RequestContextFilter.java:99)
	at org.springframework.web.filter.OncePerRequestFilter.doFilter(OncePerRequestFilter.java:107)
	at org.apache.catalina.core.ApplicationFilterChain.internalDoFilter(ApplicationFilterChain.java:193)
	at org.apache.catalina.core.ApplicationFilterChain.doFilter(ApplicationFilterChain.java:166)
	at org.springframework.web.filter.HttpPutFormContentFilter.doFilterInternal(HttpPutFormContentFilter.java:108)
	at org.springframework.web.filter.OncePerRequestFilter.doFilter(OncePerRequestFilter.java:107)
	at org.apache.catalina.core.ApplicationFilterChain.internalDoFilter(ApplicationFilterChain.java:193)
	at org.apache.catalina.core.ApplicationFilterChain.doFilter(ApplicationFilterChain.java:166)
	at org.springframework.web.filter.HiddenHttpMethodFilter.doFilterInternal(HiddenHttpMethodFilter.java:81)
	at org.springframework.web.filter.OncePerRequestFilter.doFilter(OncePerRequestFilter.java:107)
	at org.apache.catalina.core.ApplicationFilterChain.internalDoFilter(ApplicationFilterChain.java:193)
	at org.apache.catalina.core.ApplicationFilterChain.doFilter(ApplicationFilterChain.java:166)
	at org.springframework.web.filter.CharacterEncodingFilter.doFilterInternal(CharacterEncodingFilter.java:197)
	at org.springframework.web.filter.OncePerRequestFilter.doFilter(OncePerRequestFilter.java:107)
	at org.apache.catalina.core.ApplicationFilterChain.internalDoFilter(ApplicationFilterChain.java:193)
	at org.apache.catalina.core.ApplicationFilterChain.doFilter(ApplicationFilterChain.java:166)
	at org.apache.catalina.core.StandardWrapperValve.invoke(StandardWrapperValve.java:199)
	at org.apache.catalina.core.StandardContextValve.invoke(StandardContextValve.java:96)
	at org.apache.catalina.authenticator.AuthenticatorBase.invoke(AuthenticatorBase.java:478)
	at org.apache.catalina.core.StandardHostValve.invoke(StandardHostValve.java:140)
	at org.apache.catalina.valves.ErrorReportValve.invoke(ErrorReportValve.java:81)
	at org.apache.catalina.core.StandardEngineValve.invoke(StandardEngineValve.java:87)
	at org.apache.catalina.connector.CoyoteAdapter.service(CoyoteAdapter.java:342)
	at org.apache.coyote.http11.Http11Processor.service(Http11Processor.java:803)
	at org.apache.coyote.AbstractProcessorLight.process(AbstractProcessorLight.java:66)
	at org.apache.coyote.AbstractProtocol$ConnectionHandler.process(AbstractProtocol.java:868)
	at org.apache.tomcat.util.net.NioEndpoint$SocketProcessor.doRun(NioEndpoint.java:1459)
	at org.apache.tomcat.util.net.SocketProcessorBase.run(SocketProcessorBase.java:49)
	at java.base/java.util.concurrent.ThreadPoolExecutor.runWorker(ThreadPoolExecutor.java:1135)
	at java.base/java.util.concurrent.ThreadPoolExecutor$Worker.run(ThreadPoolExecutor.java:635)
	at org.apache.tomcat.util.threads.TaskThread$WrappingRunnable.run(TaskThread.java:61)
	at java.base/java.lang.Thread.run(Thread.java:844)
18.06.18 21:03:34 INFO  [webservice.WebApplication     ] 48    - <Starting WebApplication on Rey-PC with PID 19148 (C:\Users\Rey\Documents\QALD-Mini-Project\target\classes started by Rey in C:\Users\Rey\Documents\QALD-Mini-Project)>
18.06.18 21:03:34 INFO  [webservice.WebApplication     ] 593   - <No active profile set, falling back to default profiles: default>
18.06.18 21:03:34 INFO  [gEmbeddedWebApplicationContext] 583   - <Refreshing org.springframework.boot.context.embedded.AnnotationConfigEmbeddedWebApplicationContext@4f25b795: startup date [Mon Jun 18 21:03:34 CEST 2018]; root of context hierarchy>
18.06.18 21:03:34 INFO  [alidator.internal.util.Version] 30    - <HV000001: Hibernate Validator 5.3.6.Final>
18.06.18 21:03:36 INFO  [TomcatEmbeddedServletContainer] 89    - <Tomcat initialized with port(s): 8080 (http)>
18.06.18 21:03:36 INFO  [work.web.context.ContextLoader] 276   - <Root WebApplicationContext: initialization completed in 2092 ms>
18.06.18 21:03:36 INFO  [ervlet.ServletRegistrationBean] 190   - <Mapping servlet: 'dispatcherServlet' to [/]>
18.06.18 21:03:36 INFO  [servlet.FilterRegistrationBean] 258   - <Mapping filter: 'characterEncodingFilter' to: [/*]>
18.06.18 21:03:36 INFO  [servlet.FilterRegistrationBean] 258   - <Mapping filter: 'hiddenHttpMethodFilter' to: [/*]>
18.06.18 21:03:36 INFO  [servlet.FilterRegistrationBean] 258   - <Mapping filter: 'httpPutFormContentFilter' to: [/*]>
18.06.18 21:03:36 INFO  [servlet.FilterRegistrationBean] 258   - <Mapping filter: 'requestContextFilter' to: [/*]>
18.06.18 21:03:37 INFO  [n.RequestMappingHandlerAdapter] 534   - <Looking for @ControllerAdvice: org.springframework.boot.context.embedded.AnnotationConfigEmbeddedWebApplicationContext@4f25b795: startup date [Mon Jun 18 21:03:34 CEST 2018]; root of context hierarchy>
18.06.18 21:03:37 INFO  [n.RequestMappingHandlerMapping] 543   - <Mapped "{[/gerbil],methods=[POST]}" onto public java.lang.String webservice.GerbilQABenchmarking.askGerbil(java.util.Map<java.lang.String, java.lang.String>,javax.servlet.http.HttpServletResponse) throws java.lang.RuntimeException,java.io.IOException>
18.06.18 21:03:37 INFO  [n.RequestMappingHandlerMapping] 543   - <Mapped "{[/error]}" onto public org.springframework.http.ResponseEntity<java.util.Map<java.lang.String, java.lang.Object>> org.springframework.boot.autoconfigure.web.BasicErrorController.error(javax.servlet.http.HttpServletRequest)>
18.06.18 21:03:37 INFO  [n.RequestMappingHandlerMapping] 543   - <Mapped "{[/error],produces=[text/html]}" onto public org.springframework.web.servlet.ModelAndView org.springframework.boot.autoconfigure.web.BasicErrorController.errorHtml(javax.servlet.http.HttpServletRequest,javax.servlet.http.HttpServletResponse)>
18.06.18 21:03:37 INFO  [andler.SimpleUrlHandlerMapping] 362   - <Mapped URL path [/webjars/**] onto handler of type [class org.springframework.web.servlet.resource.ResourceHttpRequestHandler]>
18.06.18 21:03:37 INFO  [andler.SimpleUrlHandlerMapping] 362   - <Mapped URL path [/**] onto handler of type [class org.springframework.web.servlet.resource.ResourceHttpRequestHandler]>
18.06.18 21:03:37 INFO  [andler.SimpleUrlHandlerMapping] 362   - <Mapped URL path [/**/favicon.ico] onto handler of type [class org.springframework.web.servlet.resource.ResourceHttpRequestHandler]>
18.06.18 21:03:37 INFO  [tation.AnnotationMBeanExporter] 431   - <Registering beans for JMX exposure on startup>
18.06.18 21:03:37 INFO  [TomcatEmbeddedServletContainer] 201   - <Tomcat started on port(s): 8080 (http)>
18.06.18 21:03:37 INFO  [webservice.WebApplication     ] 57    - <Started WebApplication in 3.875 seconds (JVM running for 4.691)>
18.06.18 21:04:12 INFO  [.web.servlet.DispatcherServlet] 489   - <FrameworkServlet 'dispatcherServlet': initialization started>
18.06.18 21:04:12 INFO  [.web.servlet.DispatcherServlet] 508   - <FrameworkServlet 'dispatcherServlet': initialization completed in 15 ms>
18.06.18 21:04:12 INFO  [d.nlp.pipeline.StanfordCoreNLP] 88    - <Adding annotator tokenize>
18.06.18 21:04:12 INFO  [lp.pipeline.TokenizerAnnotator] 88    - <No tokenizer type provided. Defaulting to PTBTokenizer.>
18.06.18 21:04:12 INFO  [d.nlp.pipeline.StanfordCoreNLP] 88    - <Adding annotator ssplit>
18.06.18 21:04:12 INFO  [d.nlp.pipeline.StanfordCoreNLP] 88    - <Adding annotator pos>
18.06.18 21:04:14 INFO  [nlp.tagger.maxent.MaxentTagger] 88    - <Loading POS tagger from edu/stanford/nlp/models/pos-tagger/english-left3words/english-left3words-distsim.tagger ... done [1.3 sec].>
18.06.18 21:04:14 INFO  [d.nlp.pipeline.StanfordCoreNLP] 88    - <Adding annotator depparse>
18.06.18 21:04:14 INFO  [.parser.nndep.DependencyParser] 88    - <Loading depparse model: edu/stanford/nlp/models/parser/nndep/english_UD.gz ... >
18.06.18 21:04:33 INFO  [rd.nlp.parser.nndep.Classifier] 88    - <PreComputed 99996, Elapsed Time: 17.199 (s)>
18.06.18 21:04:33 INFO  [.parser.nndep.DependencyParser] 88    - <Initializing dependency parser ... done [18.8 sec].>
18.06.18 21:04:33 INFO  [d.nlp.pipeline.StanfordCoreNLP] 88    - <Adding annotator lemma>
18.06.18 21:04:35 ERROR [lhost].[/].[dispatcherServlet]] 181   - <Servlet.service() for servlet [dispatcherServlet] in context with path [] threw exception [Request processing failed; nested exception is java.lang.NullPointerException] with root cause>
java.lang.NullPointerException: null
	at jsonbuilder.AbstractQASystem.getAnswersAsQALD(AbstractQASystem.java:49)
	at jsonbuilder.AbstractQASystem.getAnswersToQuestion(AbstractQASystem.java:158)
	at webservice.GerbilQABenchmarking.askGerbil(GerbilQABenchmarking.java:42)
	at java.base/jdk.internal.reflect.NativeMethodAccessorImpl.invoke0(Native Method)
	at java.base/jdk.internal.reflect.NativeMethodAccessorImpl.invoke(NativeMethodAccessorImpl.java:62)
	at java.base/jdk.internal.reflect.DelegatingMethodAccessorImpl.invoke(DelegatingMethodAccessorImpl.java:43)
	at java.base/java.lang.reflect.Method.invoke(Method.java:564)
	at org.springframework.web.method.support.InvocableHandlerMethod.doInvoke(InvocableHandlerMethod.java:205)
	at org.springframework.web.method.support.InvocableHandlerMethod.invokeForRequest(InvocableHandlerMethod.java:133)
	at org.springframework.web.servlet.mvc.method.annotation.ServletInvocableHandlerMethod.invokeAndHandle(ServletInvocableHandlerMethod.java:97)
	at org.springframework.web.servlet.mvc.method.annotation.RequestMappingHandlerAdapter.invokeHandlerMethod(RequestMappingHandlerAdapter.java:827)
	at org.springframework.web.servlet.mvc.method.annotation.RequestMappingHandlerAdapter.handleInternal(RequestMappingHandlerAdapter.java:738)
	at org.springframework.web.servlet.mvc.method.AbstractHandlerMethodAdapter.handle(AbstractHandlerMethodAdapter.java:85)
	at org.springframework.web.servlet.DispatcherServlet.doDispatch(DispatcherServlet.java:967)
	at org.springframework.web.servlet.DispatcherServlet.doService(DispatcherServlet.java:901)
	at org.springframework.web.servlet.FrameworkServlet.processRequest(FrameworkServlet.java:970)
	at org.springframework.web.servlet.FrameworkServlet.doPost(FrameworkServlet.java:872)
	at javax.servlet.http.HttpServlet.service(HttpServlet.java:707)
	at org.springframework.web.servlet.FrameworkServlet.service(FrameworkServlet.java:846)
	at javax.servlet.http.HttpServlet.service(HttpServlet.java:790)
	at org.apache.catalina.core.ApplicationFilterChain.internalDoFilter(ApplicationFilterChain.java:231)
	at org.apache.catalina.core.ApplicationFilterChain.doFilter(ApplicationFilterChain.java:166)
	at org.apache.tomcat.websocket.server.WsFilter.doFilter(WsFilter.java:52)
	at org.apache.catalina.core.ApplicationFilterChain.internalDoFilter(ApplicationFilterChain.java:193)
	at org.apache.catalina.core.ApplicationFilterChain.doFilter(ApplicationFilterChain.java:166)
	at org.springframework.web.filter.RequestContextFilter.doFilterInternal(RequestContextFilter.java:99)
	at org.springframework.web.filter.OncePerRequestFilter.doFilter(OncePerRequestFilter.java:107)
	at org.apache.catalina.core.ApplicationFilterChain.internalDoFilter(ApplicationFilterChain.java:193)
	at org.apache.catalina.core.ApplicationFilterChain.doFilter(ApplicationFilterChain.java:166)
	at org.springframework.web.filter.HttpPutFormContentFilter.doFilterInternal(HttpPutFormContentFilter.java:108)
	at org.springframework.web.filter.OncePerRequestFilter.doFilter(OncePerRequestFilter.java:107)
	at org.apache.catalina.core.ApplicationFilterChain.internalDoFilter(ApplicationFilterChain.java:193)
	at org.apache.catalina.core.ApplicationFilterChain.doFilter(ApplicationFilterChain.java:166)
	at org.springframework.web.filter.HiddenHttpMethodFilter.doFilterInternal(HiddenHttpMethodFilter.java:81)
	at org.springframework.web.filter.OncePerRequestFilter.doFilter(OncePerRequestFilter.java:107)
	at org.apache.catalina.core.ApplicationFilterChain.internalDoFilter(ApplicationFilterChain.java:193)
	at org.apache.catalina.core.ApplicationFilterChain.doFilter(ApplicationFilterChain.java:166)
	at org.springframework.web.filter.CharacterEncodingFilter.doFilterInternal(CharacterEncodingFilter.java:197)
	at org.springframework.web.filter.OncePerRequestFilter.doFilter(OncePerRequestFilter.java:107)
	at org.apache.catalina.core.ApplicationFilterChain.internalDoFilter(ApplicationFilterChain.java:193)
	at org.apache.catalina.core.ApplicationFilterChain.doFilter(ApplicationFilterChain.java:166)
	at org.apache.catalina.core.StandardWrapperValve.invoke(StandardWrapperValve.java:199)
	at org.apache.catalina.core.StandardContextValve.invoke(StandardContextValve.java:96)
	at org.apache.catalina.authenticator.AuthenticatorBase.invoke(AuthenticatorBase.java:478)
	at org.apache.catalina.core.StandardHostValve.invoke(StandardHostValve.java:140)
	at org.apache.catalina.valves.ErrorReportValve.invoke(ErrorReportValve.java:81)
	at org.apache.catalina.core.StandardEngineValve.invoke(StandardEngineValve.java:87)
	at org.apache.catalina.connector.CoyoteAdapter.service(CoyoteAdapter.java:342)
	at org.apache.coyote.http11.Http11Processor.service(Http11Processor.java:803)
	at org.apache.coyote.AbstractProcessorLight.process(AbstractProcessorLight.java:66)
	at org.apache.coyote.AbstractProtocol$ConnectionHandler.process(AbstractProtocol.java:868)
	at org.apache.tomcat.util.net.NioEndpoint$SocketProcessor.doRun(NioEndpoint.java:1459)
	at org.apache.tomcat.util.net.SocketProcessorBase.run(SocketProcessorBase.java:49)
	at java.base/java.util.concurrent.ThreadPoolExecutor.runWorker(ThreadPoolExecutor.java:1135)
	at java.base/java.util.concurrent.ThreadPoolExecutor$Worker.run(ThreadPoolExecutor.java:635)
	at org.apache.tomcat.util.threads.TaskThread$WrappingRunnable.run(TaskThread.java:61)
	at java.base/java.lang.Thread.run(Thread.java:844)
18.06.18 21:06:49 INFO  [webservice.WebApplication     ] 48    - <Starting WebApplication on Rey-PC with PID 25896 (C:\Users\Rey\Documents\QALD-Mini-Project\target\classes started by Rey in C:\Users\Rey\Documents\QALD-Mini-Project)>
18.06.18 21:06:49 INFO  [webservice.WebApplication     ] 593   - <No active profile set, falling back to default profiles: default>
18.06.18 21:06:49 INFO  [gEmbeddedWebApplicationContext] 583   - <Refreshing org.springframework.boot.context.embedded.AnnotationConfigEmbeddedWebApplicationContext@4f25b795: startup date [Mon Jun 18 21:06:49 CEST 2018]; root of context hierarchy>
18.06.18 21:06:50 INFO  [alidator.internal.util.Version] 30    - <HV000001: Hibernate Validator 5.3.6.Final>
18.06.18 21:06:51 INFO  [TomcatEmbeddedServletContainer] 89    - <Tomcat initialized with port(s): 8080 (http)>
18.06.18 21:06:51 INFO  [work.web.context.ContextLoader] 276   - <Root WebApplicationContext: initialization completed in 2091 ms>
18.06.18 21:06:52 INFO  [ervlet.ServletRegistrationBean] 190   - <Mapping servlet: 'dispatcherServlet' to [/]>
18.06.18 21:06:52 INFO  [servlet.FilterRegistrationBean] 258   - <Mapping filter: 'characterEncodingFilter' to: [/*]>
18.06.18 21:06:52 INFO  [servlet.FilterRegistrationBean] 258   - <Mapping filter: 'hiddenHttpMethodFilter' to: [/*]>
18.06.18 21:06:52 INFO  [servlet.FilterRegistrationBean] 258   - <Mapping filter: 'httpPutFormContentFilter' to: [/*]>
18.06.18 21:06:52 INFO  [servlet.FilterRegistrationBean] 258   - <Mapping filter: 'requestContextFilter' to: [/*]>
18.06.18 21:06:52 INFO  [n.RequestMappingHandlerAdapter] 534   - <Looking for @ControllerAdvice: org.springframework.boot.context.embedded.AnnotationConfigEmbeddedWebApplicationContext@4f25b795: startup date [Mon Jun 18 21:06:49 CEST 2018]; root of context hierarchy>
18.06.18 21:06:52 INFO  [n.RequestMappingHandlerMapping] 543   - <Mapped "{[/gerbil],methods=[POST]}" onto public java.lang.String webservice.GerbilQABenchmarking.askGerbil(java.util.Map<java.lang.String, java.lang.String>,javax.servlet.http.HttpServletResponse) throws java.lang.RuntimeException,java.io.IOException>
18.06.18 21:06:52 INFO  [n.RequestMappingHandlerMapping] 543   - <Mapped "{[/error]}" onto public org.springframework.http.ResponseEntity<java.util.Map<java.lang.String, java.lang.Object>> org.springframework.boot.autoconfigure.web.BasicErrorController.error(javax.servlet.http.HttpServletRequest)>
18.06.18 21:06:52 INFO  [n.RequestMappingHandlerMapping] 543   - <Mapped "{[/error],produces=[text/html]}" onto public org.springframework.web.servlet.ModelAndView org.springframework.boot.autoconfigure.web.BasicErrorController.errorHtml(javax.servlet.http.HttpServletRequest,javax.servlet.http.HttpServletResponse)>
18.06.18 21:06:52 INFO  [andler.SimpleUrlHandlerMapping] 362   - <Mapped URL path [/webjars/**] onto handler of type [class org.springframework.web.servlet.resource.ResourceHttpRequestHandler]>
18.06.18 21:06:52 INFO  [andler.SimpleUrlHandlerMapping] 362   - <Mapped URL path [/**] onto handler of type [class org.springframework.web.servlet.resource.ResourceHttpRequestHandler]>
18.06.18 21:06:52 INFO  [andler.SimpleUrlHandlerMapping] 362   - <Mapped URL path [/**/favicon.ico] onto handler of type [class org.springframework.web.servlet.resource.ResourceHttpRequestHandler]>
18.06.18 21:06:52 INFO  [tation.AnnotationMBeanExporter] 431   - <Registering beans for JMX exposure on startup>
18.06.18 21:06:52 INFO  [TomcatEmbeddedServletContainer] 201   - <Tomcat started on port(s): 8080 (http)>
18.06.18 21:06:52 INFO  [webservice.WebApplication     ] 57    - <Started WebApplication in 3.752 seconds (JVM running for 4.609)>
18.06.18 21:06:54 INFO  [.web.servlet.DispatcherServlet] 489   - <FrameworkServlet 'dispatcherServlet': initialization started>
18.06.18 21:06:54 INFO  [.web.servlet.DispatcherServlet] 508   - <FrameworkServlet 'dispatcherServlet': initialization completed in 18 ms>
18.06.18 21:06:55 INFO  [d.nlp.pipeline.StanfordCoreNLP] 88    - <Adding annotator tokenize>
18.06.18 21:06:55 INFO  [lp.pipeline.TokenizerAnnotator] 88    - <No tokenizer type provided. Defaulting to PTBTokenizer.>
18.06.18 21:06:55 INFO  [d.nlp.pipeline.StanfordCoreNLP] 88    - <Adding annotator ssplit>
18.06.18 21:06:55 INFO  [d.nlp.pipeline.StanfordCoreNLP] 88    - <Adding annotator pos>
18.06.18 21:06:56 INFO  [nlp.tagger.maxent.MaxentTagger] 88    - <Loading POS tagger from edu/stanford/nlp/models/pos-tagger/english-left3words/english-left3words-distsim.tagger ... done [1.2 sec].>
18.06.18 21:06:56 INFO  [d.nlp.pipeline.StanfordCoreNLP] 88    - <Adding annotator depparse>
18.06.18 21:06:56 INFO  [.parser.nndep.DependencyParser] 88    - <Loading depparse model: edu/stanford/nlp/models/parser/nndep/english_UD.gz ... >
18.06.18 21:07:14 INFO  [rd.nlp.parser.nndep.Classifier] 88    - <PreComputed 99996, Elapsed Time: 16.742 (s)>
18.06.18 21:07:14 INFO  [.parser.nndep.DependencyParser] 88    - <Initializing dependency parser ... done [18.3 sec].>
18.06.18 21:07:14 INFO  [d.nlp.pipeline.StanfordCoreNLP] 88    - <Adding annotator lemma>
18.06.18 21:07:16 INFO  [sonbuilder.GerbilFinalResponse] 23    - <query: {sparql=null}>
18.06.18 21:07:16 INFO  [sonbuilder.GerbilFinalResponse] 27    - <GerbilQA object: 
    questions: [
 ID :1
 Answertype: null
 Query: {sparql=null}
 Question: [{string=What is the capital of Germany?, language=en}]
 Answers: [{"head":{"vars":["empty"]},"results":{"bindings":[]}}]]>
18.06.18 21:07:17 INFO  [ebservice.GerbilQABenchmarking] 43    - <Got: {
  "questions" : [ {
    "question" : [ {
      "string" : "What is the capital of Germany?",
      "language" : "en"
    } ],
    "answertype" : null,
    "query" : {
      "sparql" : null
    },
    "answers" : [ {
      "head" : {
        "vars" : [ "empty" ]
      },
      "results" : {
        "bindings" : [ ]
      }
    } ],
    "id" : "1"
  } ]
}>
18.06.18 21:08:48 INFO  [d.nlp.pipeline.StanfordCoreNLP] 88    - <Adding annotator tokenize>
18.06.18 21:08:48 INFO  [lp.pipeline.TokenizerAnnotator] 88    - <No tokenizer type provided. Defaulting to PTBTokenizer.>
18.06.18 21:08:48 INFO  [d.nlp.pipeline.StanfordCoreNLP] 88    - <Adding annotator ssplit>
18.06.18 21:08:48 INFO  [d.nlp.pipeline.StanfordCoreNLP] 88    - <Adding annotator pos>
18.06.18 21:08:50 INFO  [nlp.tagger.maxent.MaxentTagger] 88    - <Loading POS tagger from edu/stanford/nlp/models/pos-tagger/english-left3words/english-left3words-distsim.tagger ... done [1.2 sec].>
18.06.18 21:08:50 INFO  [d.nlp.pipeline.StanfordCoreNLP] 88    - <Adding annotator depparse>
18.06.18 21:08:50 INFO  [.parser.nndep.DependencyParser] 88    - <Loading depparse model: edu/stanford/nlp/models/parser/nndep/english_UD.gz ... >
18.06.18 21:09:08 INFO  [rd.nlp.parser.nndep.Classifier] 88    - <PreComputed 99996, Elapsed Time: 17.249 (s)>
18.06.18 21:09:08 INFO  [.parser.nndep.DependencyParser] 88    - <Initializing dependency parser ... done [18.7 sec].>
18.06.18 21:09:08 INFO  [d.nlp.pipeline.StanfordCoreNLP] 88    - <Adding annotator lemma>
18.06.18 21:09:10 ERROR [a.annotation.spotter.Spotlight] 72    - <Could not call Spotlight for NER/NED>
org.json.simple.parser.ParseException: null
	at org.json.simple.parser.JSONParser.parse(JSONParser.java:257)
	at org.json.simple.parser.JSONParser.parse(JSONParser.java:81)
	at org.json.simple.parser.JSONParser.parse(JSONParser.java:75)
	at org.aksw.qa.annotation.spotter.Spotlight.getEntities(Spotlight.java:47)
	at qa.QuestionProcessor.retrieveNamedEntities(QuestionProcessor.java:81)
	at qa.QuestionProcessor.processQuestion(QuestionProcessor.java:39)
	at qa.QA.main(QA.java:32)
18.06.18 21:09:45 INFO  [d.nlp.pipeline.StanfordCoreNLP] 88    - <Adding annotator tokenize>
18.06.18 21:09:45 INFO  [lp.pipeline.TokenizerAnnotator] 88    - <No tokenizer type provided. Defaulting to PTBTokenizer.>
18.06.18 21:09:45 INFO  [d.nlp.pipeline.StanfordCoreNLP] 88    - <Adding annotator ssplit>
18.06.18 21:09:45 INFO  [d.nlp.pipeline.StanfordCoreNLP] 88    - <Adding annotator pos>
18.06.18 21:09:47 INFO  [nlp.tagger.maxent.MaxentTagger] 88    - <Loading POS tagger from edu/stanford/nlp/models/pos-tagger/english-left3words/english-left3words-distsim.tagger ... done [1.3 sec].>
18.06.18 21:09:47 INFO  [d.nlp.pipeline.StanfordCoreNLP] 88    - <Adding annotator depparse>
18.06.18 21:09:47 INFO  [.parser.nndep.DependencyParser] 88    - <Loading depparse model: edu/stanford/nlp/models/parser/nndep/english_UD.gz ... >
18.06.18 21:10:05 INFO  [rd.nlp.parser.nndep.Classifier] 88    - <PreComputed 99996, Elapsed Time: 16.523 (s)>
18.06.18 21:10:05 INFO  [.parser.nndep.DependencyParser] 88    - <Initializing dependency parser ... done [17.9 sec].>
18.06.18 21:10:05 INFO  [d.nlp.pipeline.StanfordCoreNLP] 88    - <Adding annotator lemma>
18.06.18 21:10:33 INFO  [webservice.WebApplication     ] 48    - <Starting WebApplication on Rey-PC with PID 27408 (C:\Users\Rey\Documents\QALD-Mini-Project\target\classes started by Rey in C:\Users\Rey\Documents\QALD-Mini-Project)>
18.06.18 21:10:33 INFO  [webservice.WebApplication     ] 593   - <No active profile set, falling back to default profiles: default>
18.06.18 21:10:33 INFO  [gEmbeddedWebApplicationContext] 583   - <Refreshing org.springframework.boot.context.embedded.AnnotationConfigEmbeddedWebApplicationContext@4f25b795: startup date [Mon Jun 18 21:10:33 CEST 2018]; root of context hierarchy>
18.06.18 21:10:34 INFO  [alidator.internal.util.Version] 30    - <HV000001: Hibernate Validator 5.3.6.Final>
18.06.18 21:10:35 INFO  [TomcatEmbeddedServletContainer] 89    - <Tomcat initialized with port(s): 8080 (http)>
18.06.18 21:10:35 INFO  [work.web.context.ContextLoader] 276   - <Root WebApplicationContext: initialization completed in 1985 ms>
18.06.18 21:10:35 INFO  [ervlet.ServletRegistrationBean] 190   - <Mapping servlet: 'dispatcherServlet' to [/]>
18.06.18 21:10:35 INFO  [servlet.FilterRegistrationBean] 258   - <Mapping filter: 'characterEncodingFilter' to: [/*]>
18.06.18 21:10:35 INFO  [servlet.FilterRegistrationBean] 258   - <Mapping filter: 'hiddenHttpMethodFilter' to: [/*]>
18.06.18 21:10:35 INFO  [servlet.FilterRegistrationBean] 258   - <Mapping filter: 'httpPutFormContentFilter' to: [/*]>
18.06.18 21:10:35 INFO  [servlet.FilterRegistrationBean] 258   - <Mapping filter: 'requestContextFilter' to: [/*]>
18.06.18 21:10:36 INFO  [n.RequestMappingHandlerAdapter] 534   - <Looking for @ControllerAdvice: org.springframework.boot.context.embedded.AnnotationConfigEmbeddedWebApplicationContext@4f25b795: startup date [Mon Jun 18 21:10:33 CEST 2018]; root of context hierarchy>
18.06.18 21:10:36 INFO  [n.RequestMappingHandlerMapping] 543   - <Mapped "{[/gerbil],methods=[POST]}" onto public java.lang.String webservice.GerbilQABenchmarking.askGerbil(java.util.Map<java.lang.String, java.lang.String>,javax.servlet.http.HttpServletResponse) throws java.lang.RuntimeException,java.io.IOException>
18.06.18 21:10:36 INFO  [n.RequestMappingHandlerMapping] 543   - <Mapped "{[/error]}" onto public org.springframework.http.ResponseEntity<java.util.Map<java.lang.String, java.lang.Object>> org.springframework.boot.autoconfigure.web.BasicErrorController.error(javax.servlet.http.HttpServletRequest)>
18.06.18 21:10:36 INFO  [n.RequestMappingHandlerMapping] 543   - <Mapped "{[/error],produces=[text/html]}" onto public org.springframework.web.servlet.ModelAndView org.springframework.boot.autoconfigure.web.BasicErrorController.errorHtml(javax.servlet.http.HttpServletRequest,javax.servlet.http.HttpServletResponse)>
18.06.18 21:10:36 INFO  [andler.SimpleUrlHandlerMapping] 362   - <Mapped URL path [/webjars/**] onto handler of type [class org.springframework.web.servlet.resource.ResourceHttpRequestHandler]>
18.06.18 21:10:36 INFO  [andler.SimpleUrlHandlerMapping] 362   - <Mapped URL path [/**] onto handler of type [class org.springframework.web.servlet.resource.ResourceHttpRequestHandler]>
18.06.18 21:10:36 INFO  [andler.SimpleUrlHandlerMapping] 362   - <Mapped URL path [/**/favicon.ico] onto handler of type [class org.springframework.web.servlet.resource.ResourceHttpRequestHandler]>
18.06.18 21:10:36 INFO  [tation.AnnotationMBeanExporter] 431   - <Registering beans for JMX exposure on startup>
18.06.18 21:10:36 INFO  [TomcatEmbeddedServletContainer] 201   - <Tomcat started on port(s): 8080 (http)>
18.06.18 21:10:36 INFO  [webservice.WebApplication     ] 57    - <Started WebApplication in 3.596 seconds (JVM running for 4.437)>
18.06.18 21:11:06 INFO  [.web.servlet.DispatcherServlet] 489   - <FrameworkServlet 'dispatcherServlet': initialization started>
18.06.18 21:11:06 INFO  [.web.servlet.DispatcherServlet] 508   - <FrameworkServlet 'dispatcherServlet': initialization completed in 20 ms>
18.06.18 21:11:06 INFO  [d.nlp.pipeline.StanfordCoreNLP] 88    - <Adding annotator tokenize>
18.06.18 21:11:06 INFO  [lp.pipeline.TokenizerAnnotator] 88    - <No tokenizer type provided. Defaulting to PTBTokenizer.>
18.06.18 21:11:06 INFO  [d.nlp.pipeline.StanfordCoreNLP] 88    - <Adding annotator ssplit>
18.06.18 21:11:06 INFO  [d.nlp.pipeline.StanfordCoreNLP] 88    - <Adding annotator pos>
18.06.18 21:11:08 INFO  [nlp.tagger.maxent.MaxentTagger] 88    - <Loading POS tagger from edu/stanford/nlp/models/pos-tagger/english-left3words/english-left3words-distsim.tagger ... done [1.5 sec].>
18.06.18 21:11:08 INFO  [d.nlp.pipeline.StanfordCoreNLP] 88    - <Adding annotator depparse>
18.06.18 21:11:08 INFO  [.parser.nndep.DependencyParser] 88    - <Loading depparse model: edu/stanford/nlp/models/parser/nndep/english_UD.gz ... >
18.06.18 21:11:26 INFO  [rd.nlp.parser.nndep.Classifier] 88    - <PreComputed 99996, Elapsed Time: 16.724 (s)>
18.06.18 21:11:26 INFO  [.parser.nndep.DependencyParser] 88    - <Initializing dependency parser ... done [18.1 sec].>
18.06.18 21:11:26 INFO  [d.nlp.pipeline.StanfordCoreNLP] 88    - <Adding annotator lemma>
18.06.18 21:11:29 INFO  [sonbuilder.GerbilFinalResponse] 23    - <query: {sparql=SELECT ?answer WHERE{<http://dbpedia.org/resource/Germany> <http://dbpedia.org/ontology/capital> ?answer . }}>
18.06.18 21:11:29 INFO  [sonbuilder.GerbilFinalResponse] 27    - <GerbilQA object: 
    questions: [
 ID :1
 Answertype: null
 Query: {sparql=SELECT ?answer WHERE{<http://dbpedia.org/resource/Germany> <http://dbpedia.org/ontology/capital> ?answer . }}
 Question: [{string=What is the capital of Germany?, language=en}]
 Answers: [{"head":{"vars":["resource"]},"results":{"bindings":[{"resource":{"type":"resource","value":"http:\/\/dbpedia.org\/resource\/Berlin"}}]}}]]>
18.06.18 21:11:29 INFO  [ebservice.GerbilQABenchmarking] 43    - <Got: {
  "questions" : [ {
    "question" : [ {
      "string" : "What is the capital of Germany?",
      "language" : "en"
    } ],
    "answertype" : null,
    "query" : {
      "sparql" : "SELECT ?answer WHERE{<http://dbpedia.org/resource/Germany> <http://dbpedia.org/ontology/capital> ?answer . }"
    },
    "answers" : [ {
      "head" : {
        "vars" : [ "resource" ]
      },
      "results" : {
        "bindings" : [ {
          "resource" : {
            "type" : "resource",
            "value" : "http://dbpedia.org/resource/Berlin"
          }
        } ]
      }
    } ],
    "id" : "1"
  } ]
}>
18.06.18 21:11:47 INFO  [webservice.WebApplication     ] 48    - <Starting WebApplication on Rey-PC with PID 24868 (C:\Users\Rey\Documents\QALD-Mini-Project\target\classes started by Rey in C:\Users\Rey\Documents\QALD-Mini-Project)>
18.06.18 21:11:47 INFO  [webservice.WebApplication     ] 593   - <No active profile set, falling back to default profiles: default>
18.06.18 21:11:48 INFO  [gEmbeddedWebApplicationContext] 583   - <Refreshing org.springframework.boot.context.embedded.AnnotationConfigEmbeddedWebApplicationContext@4f25b795: startup date [Mon Jun 18 21:11:48 CEST 2018]; root of context hierarchy>
18.06.18 21:11:48 INFO  [alidator.internal.util.Version] 30    - <HV000001: Hibernate Validator 5.3.6.Final>
18.06.18 21:11:49 INFO  [TomcatEmbeddedServletContainer] 89    - <Tomcat initialized with port(s): 8080 (http)>
18.06.18 21:11:50 INFO  [work.web.context.ContextLoader] 276   - <Root WebApplicationContext: initialization completed in 2078 ms>
18.06.18 21:11:50 INFO  [ervlet.ServletRegistrationBean] 190   - <Mapping servlet: 'dispatcherServlet' to [/]>
18.06.18 21:11:50 INFO  [servlet.FilterRegistrationBean] 258   - <Mapping filter: 'characterEncodingFilter' to: [/*]>
18.06.18 21:11:50 INFO  [servlet.FilterRegistrationBean] 258   - <Mapping filter: 'hiddenHttpMethodFilter' to: [/*]>
18.06.18 21:11:50 INFO  [servlet.FilterRegistrationBean] 258   - <Mapping filter: 'httpPutFormContentFilter' to: [/*]>
18.06.18 21:11:50 INFO  [servlet.FilterRegistrationBean] 258   - <Mapping filter: 'requestContextFilter' to: [/*]>
18.06.18 21:11:50 INFO  [n.RequestMappingHandlerAdapter] 534   - <Looking for @ControllerAdvice: org.springframework.boot.context.embedded.AnnotationConfigEmbeddedWebApplicationContext@4f25b795: startup date [Mon Jun 18 21:11:48 CEST 2018]; root of context hierarchy>
18.06.18 21:11:50 INFO  [n.RequestMappingHandlerMapping] 543   - <Mapped "{[/gerbil],methods=[POST]}" onto public java.lang.String webservice.GerbilQABenchmarking.askGerbil(java.util.Map<java.lang.String, java.lang.String>,javax.servlet.http.HttpServletResponse) throws java.lang.RuntimeException,java.io.IOException>
18.06.18 21:11:50 INFO  [n.RequestMappingHandlerMapping] 543   - <Mapped "{[/error]}" onto public org.springframework.http.ResponseEntity<java.util.Map<java.lang.String, java.lang.Object>> org.springframework.boot.autoconfigure.web.BasicErrorController.error(javax.servlet.http.HttpServletRequest)>
18.06.18 21:11:50 INFO  [n.RequestMappingHandlerMapping] 543   - <Mapped "{[/error],produces=[text/html]}" onto public org.springframework.web.servlet.ModelAndView org.springframework.boot.autoconfigure.web.BasicErrorController.errorHtml(javax.servlet.http.HttpServletRequest,javax.servlet.http.HttpServletResponse)>
18.06.18 21:11:50 INFO  [andler.SimpleUrlHandlerMapping] 362   - <Mapped URL path [/webjars/**] onto handler of type [class org.springframework.web.servlet.resource.ResourceHttpRequestHandler]>
18.06.18 21:11:50 INFO  [andler.SimpleUrlHandlerMapping] 362   - <Mapped URL path [/**] onto handler of type [class org.springframework.web.servlet.resource.ResourceHttpRequestHandler]>
18.06.18 21:11:51 INFO  [andler.SimpleUrlHandlerMapping] 362   - <Mapped URL path [/**/favicon.ico] onto handler of type [class org.springframework.web.servlet.resource.ResourceHttpRequestHandler]>
18.06.18 21:11:51 INFO  [tation.AnnotationMBeanExporter] 431   - <Registering beans for JMX exposure on startup>
18.06.18 21:11:51 INFO  [TomcatEmbeddedServletContainer] 201   - <Tomcat started on port(s): 8080 (http)>
18.06.18 21:11:51 INFO  [webservice.WebApplication     ] 57    - <Started WebApplication in 3.775 seconds (JVM running for 4.676)>
18.06.18 21:26:36 INFO  [d.nlp.pipeline.StanfordCoreNLP] 88    - <Adding annotator tokenize>
18.06.18 21:26:36 INFO  [lp.pipeline.TokenizerAnnotator] 88    - <No tokenizer type provided. Defaulting to PTBTokenizer.>
18.06.18 21:26:36 INFO  [d.nlp.pipeline.StanfordCoreNLP] 88    - <Adding annotator ssplit>
18.06.18 21:26:36 INFO  [d.nlp.pipeline.StanfordCoreNLP] 88    - <Adding annotator pos>
18.06.18 21:26:37 INFO  [nlp.tagger.maxent.MaxentTagger] 88    - <Loading POS tagger from edu/stanford/nlp/models/pos-tagger/english-left3words/english-left3words-distsim.tagger ... done [1.3 sec].>
18.06.18 21:26:37 INFO  [d.nlp.pipeline.StanfordCoreNLP] 88    - <Adding annotator depparse>
18.06.18 21:26:37 INFO  [.parser.nndep.DependencyParser] 88    - <Loading depparse model: edu/stanford/nlp/models/parser/nndep/english_UD.gz ... >
18.06.18 21:26:55 INFO  [rd.nlp.parser.nndep.Classifier] 88    - <PreComputed 99996, Elapsed Time: 16.171 (s)>
18.06.18 21:26:55 INFO  [.parser.nndep.DependencyParser] 88    - <Initializing dependency parser ... done [17.6 sec].>
18.06.18 21:26:55 INFO  [d.nlp.pipeline.StanfordCoreNLP] 88    - <Adding annotator lemma>
18.06.18 21:27:54 INFO  [d.nlp.pipeline.StanfordCoreNLP] 88    - <Adding annotator tokenize>
18.06.18 21:27:54 INFO  [lp.pipeline.TokenizerAnnotator] 88    - <No tokenizer type provided. Defaulting to PTBTokenizer.>
18.06.18 21:27:54 INFO  [d.nlp.pipeline.StanfordCoreNLP] 88    - <Adding annotator ssplit>
18.06.18 21:27:54 INFO  [d.nlp.pipeline.StanfordCoreNLP] 88    - <Adding annotator pos>
18.06.18 21:27:55 INFO  [nlp.tagger.maxent.MaxentTagger] 88    - <Loading POS tagger from edu/stanford/nlp/models/pos-tagger/english-left3words/english-left3words-distsim.tagger ... done [1.2 sec].>
18.06.18 21:27:55 INFO  [d.nlp.pipeline.StanfordCoreNLP] 88    - <Adding annotator depparse>
18.06.18 21:27:55 INFO  [.parser.nndep.DependencyParser] 88    - <Loading depparse model: edu/stanford/nlp/models/parser/nndep/english_UD.gz ... >
